CodeCheck2 on '412alloc' for user sb121
Using '/tmp/sb121-code-check-2' for temporary storage
Run on 10-27-24 at 18:14:56 on host opal.clear.rice.edu
Testing 'cc1.i'
	k = 5	 correct in 31 cycles
	k = 7	 correct in 21 cycles

Testing 'cc2.i'
	k = 5	 correct in 87 cycles
	k = 7	 correct in 67 cycles

Testing 'cc3.i'
	k = 5	 correct in 85 cycles
	k = 7	 correct in 63 cycles

Testing 'cc4.i'
	k = 5	 correct in 6204 cycles
	k = 7	 correct in 5544 cycles

Testing 'cc5.i'
	k = 5	 correct in 248 cycles
	k = 7	 correct in 224 cycles

Removing /tmp/sb121-code-check-2

Code Check 2 script exits normally.