Lab 2 Autotimer: using Scalability SLOCs blocks

Gathering operation counts with lab2 simulator.

=======================================================================
Testing submission: sb121.tar

	Problem determining NAME and/or NETID
	Deduct -40% of conformance points

Name: sb121.tar, NetID: sb121.tar	Date From Files: 2024-10-27

--- building executable ---
rm -f *.class
javac -g *.java
--- built executable; should be ready to run ---

Testing Scalability:	(minimum time of 5 runs)

Incorrect result for block 'T128k.i'.
Incorrect result for block 'T64k.i'.
	T1k.i:  	1.6749 seconds
	T2k.i:  	2.1671 seconds
	T4k.i:  	1.9463 seconds
	T8k.i:  	2.5349 seconds
	T16k.i:  	2.8514 seconds
	T32k.i:  	3.1733 seconds
	T64k.i:  	60 seconds
	T128k.i:  	60 seconds
 

finished timing run on submission sb121.tar
=======================================================================

Timing run complete.

