Lab 2 Autotimer: using Scalability SLOCs blocks

Gathering operation counts with lab2 simulator.

=======================================================================
Testing submission: sb121.tar
Name: Stefan Boskovic, NetID: sb121	Date From Files: 2024-10-27

--- building executable ---
rm -f *.class
javac -g *.java
--- built executable; should be ready to run ---

Testing Scalability:	(minimum time of 5 runs)

	T1k.i:  	4.6733 seconds
	T2k.i:  	4.8825 seconds
	T4k.i:  	4.1963 seconds
	T8k.i:  	4.4767 seconds
	T16k.i:  	4.7510 seconds
	T32k.i:  	4.8476 seconds
	T64k.i:  	4.9896 seconds
	T128k.i:  	5.3649 seconds
 
Scaling score is 	10.0
Efficiency score is 	9.15	( java )

	Anomalous behavior: 1 inputs showed no growth

finished timing run on submission sb121.tar
=======================================================================

Timing run complete.

