Lab 2 Autotimer: using Scalability SLOCs blocks

Gathering operation counts with lab2 simulator.

=======================================================================
Testing submission: sb121.tar
Name: Stefan Boskovic, NetID: sb121	Date From Files: 2024-10-27

--- building executable ---
rm -f *.class
javac -g *.java
--- built executable; should be ready to run ---

Testing Scalability:	(minimum time of 5 runs)

	T1k.i:  	2.0685 seconds
	T2k.i:  	2.4044 seconds
	T4k.i:  	2.4335 seconds
	T8k.i:  	1.9901 seconds
	T16k.i:  	3.0192 seconds
	T32k.i:  	4.2810 seconds
	T64k.i:  	6.0066 seconds
	T128k.i:  	14.981 seconds
 
Scaling score is 	0.0
	Timing results need to be examined manually.

Efficiency score is 	0.0	( java )

	Anomalous behavior: 2 inputs showed no growth

finished timing run on submission sb121.tar
=======================================================================

Timing run complete.

